2026-04-26 17:47:22,721 - pawpal_system - INFO - RagRetriever initialized with 3 documents
2026-04-26 17:47:22,721 - pawpal_system - INFO - AiCareCoach initialized
2026-04-26 17:47:28,121 - pawpal_system - INFO - RagRetriever initialized with 3 documents
2026-04-26 17:47:28,122 - pawpal_system - INFO - AiCareCoach initialized
2026-04-26 17:47:30,733 - pawpal_system - INFO - RagRetriever initialized with 3 documents
2026-04-26 17:47:30,734 - pawpal_system - INFO - AiCareCoach initialized
2026-04-26 17:47:32,743 - pawpal_system - INFO - RagRetriever initialized with 3 documents
2026-04-26 17:47:32,747 - pawpal_system - INFO - AiCareCoach initialized
2026-04-26 17:47:32,773 - pawpal_system - INFO - Retrieved for query 'overdue tasks': 3 docs, confidence=1.0
2026-04-26 17:47:32,774 - pawpal_system - INFO - Generated advice: 1 queries, confidence=1.00
2026-04-26 17:47:45,818 - pawpal_system - INFO - RagRetriever initialized with 3 documents
2026-04-26 17:47:45,818 - pawpal_system - INFO - AiCareCoach initialized
2026-04-26 17:47:45,819 - pawpal_system - INFO - Retrieved for query 'overdue tasks': 3 docs, confidence=1.0
2026-04-26 17:47:45,819 - pawpal_system - INFO - Generated advice: 1 queries, confidence=1.00
2026-04-26 17:53:02,768 - pawpal_system - INFO - RagRetriever initialized with 3 documents
2026-04-26 17:53:02,771 - pawpal_system - INFO - AiCareCoach initialized
2026-04-26 17:53:02,775 - pawpal_system - INFO - Retrieved for query 'overdue tasks': 3 docs, confidence=1.0
2026-04-26 17:53:02,777 - pawpal_system - INFO - Generated advice: 1 queries, confidence=1.00
2026-04-26 17:53:33,682 - pawpal_system - INFO - RagRetriever initialized with 3 documents
2026-04-26 17:53:33,684 - pawpal_system - INFO - AiCareCoach initialized
2026-04-26 17:53:33,686 - pawpal_system - INFO - Retrieved for query 'overdue tasks': 3 docs, confidence=1.0
2026-04-26 17:53:33,688 - pawpal_system - INFO - Generated advice: 1 queries, confidence=1.00
2026-04-26 17:53:42,264 - pawpal_system - INFO - RagRetriever initialized with 3 documents
2026-04-26 17:53:42,265 - pawpal_system - INFO - AiCareCoach initialized
2026-04-26 17:53:42,265 - pawpal_system - INFO - Retrieved for query 'overdue tasks': 3 docs, confidence=1.0
2026-04-26 17:53:42,266 - pawpal_system - INFO - Generated advice: 1 queries, confidence=1.00
2026-04-26 17:53:54,027 - pawpal_system - INFO - RagRetriever initialized with 3 documents
2026-04-26 17:53:54,033 - pawpal_system - INFO - AiCareCoach initialized
2026-04-26 17:53:54,035 - pawpal_system - INFO - Retrieved for query 'overdue tasks': 3 docs, confidence=1.0
2026-04-26 17:53:54,039 - pawpal_system - INFO - Generated advice: 1 queries, confidence=1.00
2026-04-26 17:54:00,419 - pawpal_system - INFO - RagRetriever initialized with 3 documents
2026-04-26 17:54:00,420 - pawpal_system - INFO - AiCareCoach initialized
2026-04-26 17:54:00,492 - pawpal_system - INFO - Retrieved for query 'overdue tasks': 3 docs, confidence=1.0
2026-04-26 17:54:00,492 - pawpal_system - INFO - Generated advice: 1 queries, confidence=1.00
2026-04-26 17:54:00,508 - pawpal_system - INFO - RagRetriever initialized with 3 documents
2026-04-26 17:54:00,508 - pawpal_system - INFO - AiCareCoach initialized
2026-04-26 17:54:00,508 - pawpal_system - INFO - Retrieved for query 'overdue tasks': 3 docs, confidence=1.0
2026-04-26 17:54:00,508 - pawpal_system - INFO - Generated advice: 1 queries, confidence=1.00
2026-04-26 17:54:12,689 - pawpal_system - INFO - RagRetriever initialized with 3 documents
2026-04-26 17:54:12,698 - pawpal_system - INFO - AiCareCoach initialized
2026-04-26 17:54:12,714 - pawpal_system - INFO - Retrieved for query 'overdue tasks': 3 docs, confidence=1.0
2026-04-26 17:54:12,715 - pawpal_system - INFO - Generated advice: 1 queries, confidence=1.00
2026-04-26 17:56:43,646 - pawpal_system - INFO - RagRetriever initialized with 3 documents
2026-04-26 17:56:43,649 - pawpal_system - INFO - AiCareCoach initialized
2026-04-26 17:56:57,877 - pawpal_system - INFO - RagRetriever initialized with 3 documents
2026-04-26 17:56:57,877 - pawpal_system - INFO - AiCareCoach initialized
2026-04-26 18:12:34,830 - pawpal_system - INFO - RagRetriever initialized with 3 documents
2026-04-26 18:12:34,832 - pawpal_system - INFO - AiCareCoach initialized
2026-04-26 18:12:36,577 - pawpal_system - INFO - RagRetriever initialized with 3 documents
2026-04-26 18:12:36,579 - pawpal_system - INFO - AiCareCoach initialized
2026-04-26 18:12:39,789 - pawpal_system - INFO - RagRetriever initialized with 3 documents
2026-04-26 18:12:39,790 - pawpal_system - INFO - AiCareCoach initialized
2026-04-26 18:12:42,478 - pawpal_system - INFO - RagRetriever initialized with 3 documents
2026-04-26 18:12:42,478 - pawpal_system - INFO - AiCareCoach initialized
2026-04-26 18:12:44,779 - pawpal_system - INFO - RagRetriever initialized with 3 documents
2026-04-26 18:12:44,780 - pawpal_system - INFO - AiCareCoach initialized
2026-04-26 18:12:44,781 - pawpal_system - INFO - Retrieved for query 'medication priority': 3 docs, confidence=1.0
2026-04-26 18:12:44,781 - pawpal_system - INFO - Generated advice: 1 queries, confidence=1.00
2026-04-26 18:12:59,264 - pawpal_system - INFO - RagRetriever initialized with 3 documents
2026-04-26 18:12:59,264 - pawpal_system - INFO - AiCareCoach initialized
2026-04-26 18:12:59,266 - pawpal_system - INFO - Retrieved for query 'medication priority': 3 docs, confidence=1.0
2026-04-26 18:12:59,266 - pawpal_system - INFO - Generated advice: 1 queries, confidence=1.00
2026-04-26 18:13:01,769 - pawpal_system - INFO - RagRetriever initialized with 3 documents
2026-04-26 18:13:01,777 - pawpal_system - INFO - AiCareCoach initialized
2026-04-26 18:13:01,806 - pawpal_system - INFO - Retrieved for query 'medication priority': 3 docs, confidence=1.0
2026-04-26 18:13:01,807 - pawpal_system - INFO - Generated advice: 1 queries, confidence=1.00
2026-04-26 18:13:05,132 - pawpal_system - INFO - RagRetriever initialized with 3 documents
2026-04-26 18:13:05,132 - pawpal_system - INFO - AiCareCoach initialized
2026-04-26 18:13:05,261 - pawpal_system - INFO - RagRetriever initialized with 3 documents
2026-04-26 18:13:05,261 - pawpal_system - INFO - AiCareCoach initialized
2026-04-26 18:13:05,262 - pawpal_system - INFO - Retrieved for query 'medication priority': 3 docs, confidence=1.0
2026-04-26 18:13:05,262 - pawpal_system - INFO - Retrieved for query 'conflict resolution': 2 docs, confidence=0.6
2026-04-26 18:13:05,262 - pawpal_system - INFO - Generated advice: 2 queries, confidence=0.80
2026-04-26 18:13:12,378 - pawpal_system - INFO - RagRetriever initialized with 3 documents
2026-04-26 18:13:12,391 - pawpal_system - INFO - AiCareCoach initialized
2026-04-26 18:13:12,413 - pawpal_system - INFO - Retrieved for query 'medication priority': 3 docs, confidence=1.0
2026-04-26 18:13:12,414 - pawpal_system - INFO - Retrieved for query 'conflict resolution': 2 docs, confidence=0.6
2026-04-26 18:13:12,414 - pawpal_system - INFO - Generated advice: 2 queries, confidence=0.80
2026-04-26 18:13:12,435 - pawpal_system - INFO - RagRetriever initialized with 3 documents
2026-04-26 18:13:12,438 - pawpal_system - INFO - AiCareCoach initialized
2026-04-26 18:13:12,439 - pawpal_system - INFO - Retrieved for query 'medication priority': 3 docs, confidence=1.0
2026-04-26 18:13:12,439 - pawpal_system - INFO - Retrieved for query 'conflict resolution': 2 docs, confidence=0.6
2026-04-26 18:13:12,439 - pawpal_system - INFO - Generated advice: 2 queries, confidence=0.80
2026-04-26 18:13:28,128 - pawpal_system - INFO - RagRetriever initialized with 3 documents
2026-04-26 18:13:28,129 - pawpal_system - INFO - AiCareCoach initialized
2026-04-26 18:13:28,129 - pawpal_system - INFO - Retrieved for query 'medication priority': 3 docs, confidence=1.0
2026-04-26 18:13:28,130 - pawpal_system - INFO - Retrieved for query 'conflict resolution': 2 docs, confidence=0.6
2026-04-26 18:13:28,130 - pawpal_system - INFO - Generated advice: 2 queries, confidence=0.80
2026-04-26 18:15:04,088 - pawpal_system - INFO - RagRetriever initialized with 3 documents
2026-04-26 18:15:04,089 - pawpal_system - INFO - AiCareCoach initialized
2026-04-26 18:15:04,091 - pawpal_system - INFO - Retrieved for query 'medication priority': 3 docs, confidence=1.0
2026-04-26 18:15:04,091 - pawpal_system - INFO - Retrieved for query 'conflict resolution': 2 docs, confidence=0.6
2026-04-26 18:15:04,091 - pawpal_system - INFO - Generated advice: 2 queries, confidence=0.80
2026-04-26 21:45:53,397 - pawpal_system - INFO - RagRetriever initialized with 3 documents
2026-04-26 21:45:53,399 - pawpal_system - INFO - AiCareCoach initialized
2026-04-26 21:45:53,402 - pawpal_system - INFO - Retrieved for query 'medication priority': 3 docs, confidence=1.0
2026-04-26 21:45:53,403 - pawpal_system - INFO - Retrieved for query 'conflict resolution': 2 docs, confidence=0.6
2026-04-26 21:45:53,403 - pawpal_system - INFO - Retrieved for query 'overdue tasks': 3 docs, confidence=1.0
2026-04-26 21:45:53,403 - pawpal_system - INFO - Generated advice: 3 queries, confidence=0.87
2026-04-26 21:45:55,306 - pawpal_system - INFO - RagRetriever initialized with 3 documents
2026-04-26 21:45:55,306 - pawpal_system - INFO - AiCareCoach initialized
2026-04-26 21:45:55,306 - pawpal_system - INFO - Retrieved for query 'medication priority': 3 docs, confidence=1.0
2026-04-26 21:45:55,306 - pawpal_system - INFO - Retrieved for query 'conflict resolution': 2 docs, confidence=0.6
2026-04-26 21:45:55,307 - pawpal_system - INFO - Retrieved for query 'overdue tasks': 3 docs, confidence=1.0
2026-04-26 21:45:55,307 - pawpal_system - INFO - Generated advice: 3 queries, confidence=0.87
2026-04-26 21:46:04,964 - pawpal_system - INFO - RagRetriever initialized with 3 documents
2026-04-26 21:46:04,965 - pawpal_system - INFO - AiCareCoach initialized
2026-04-26 21:46:04,968 - pawpal_system - INFO - Retrieved for query 'medication priority': 3 docs, confidence=1.0
2026-04-26 21:46:04,972 - pawpal_system - INFO - Retrieved for query 'conflict resolution': 2 docs, confidence=0.6
2026-04-26 21:46:04,973 - pawpal_system - INFO - Retrieved for query 'overdue tasks': 3 docs, confidence=1.0
2026-04-26 21:46:04,978 - pawpal_system - INFO - Generated advice: 3 queries, confidence=0.87
2026-04-26 21:46:09,757 - pawpal_system - INFO - RagRetriever initialized with 3 documents
2026-04-26 21:46:09,757 - pawpal_system - INFO - AiCareCoach initialized
2026-04-26 21:46:09,758 - pawpal_system - INFO - Retrieved for query 'medication priority': 3 docs, confidence=1.0
2026-04-26 21:46:09,758 - pawpal_system - INFO - Retrieved for query 'conflict resolution': 2 docs, confidence=0.6
2026-04-26 21:46:09,759 - pawpal_system - INFO - Retrieved for query 'overdue tasks': 3 docs, confidence=1.0
2026-04-26 21:46:09,759 - pawpal_system - INFO - Generated advice: 3 queries, confidence=0.87
2026-04-26 21:46:26,369 - pawpal_system - INFO - RagRetriever initialized with 3 documents
2026-04-26 21:46:26,371 - pawpal_system - INFO - AiCareCoach initialized
2026-04-26 21:46:26,466 - pawpal_system - INFO - Retrieved for query 'medication priority': 3 docs, confidence=1.0
2026-04-26 21:46:26,466 - pawpal_system - INFO - Retrieved for query 'conflict resolution': 2 docs, confidence=0.6
2026-04-26 21:46:26,467 - pawpal_system - INFO - Retrieved for query 'overdue tasks': 3 docs, confidence=1.0
2026-04-26 21:46:26,467 - pawpal_system - INFO - Generated advice: 3 queries, confidence=0.87
2026-04-26 21:46:26,496 - pawpal_system - INFO - RagRetriever initialized with 3 documents
2026-04-26 21:46:26,507 - pawpal_system - INFO - AiCareCoach initialized
2026-04-26 21:46:26,511 - pawpal_system - INFO - Retrieved for query 'medication priority': 3 docs, confidence=1.0
2026-04-26 21:46:26,513 - pawpal_system - INFO - Retrieved for query 'conflict resolution': 2 docs, confidence=0.6
2026-04-26 21:46:26,515 - pawpal_system - INFO - Retrieved for query 'overdue tasks': 3 docs, confidence=1.0
2026-04-26 21:46:26,516 - pawpal_system - INFO - Generated advice: 3 queries, confidence=0.87
2026-04-26 21:46:33,437 - pawpal_system - INFO - RagRetriever initialized with 3 documents
2026-04-26 21:46:33,437 - pawpal_system - INFO - AiCareCoach initialized
2026-04-26 21:46:33,438 - pawpal_system - INFO - Retrieved for query 'medication priority': 3 docs, confidence=1.0
2026-04-26 21:46:33,439 - pawpal_system - INFO - Retrieved for query 'conflict resolution': 2 docs, confidence=0.6
2026-04-26 21:46:33,439 - pawpal_system - INFO - Retrieved for query 'overdue tasks': 3 docs, confidence=1.0
2026-04-26 21:46:33,439 - pawpal_system - INFO - Generated advice: 3 queries, confidence=0.87
2026-04-26 21:46:39,878 - pawpal_system - INFO - RagRetriever initialized with 3 documents
2026-04-26 21:46:39,879 - pawpal_system - INFO - AiCareCoach initialized
2026-04-26 21:46:39,880 - pawpal_system - INFO - Retrieved for query 'medication priority': 3 docs, confidence=1.0
2026-04-26 21:46:39,881 - pawpal_system - INFO - Retrieved for query 'conflict resolution': 2 docs, confidence=0.6
2026-04-26 21:46:39,881 - pawpal_system - INFO - Retrieved for query 'overdue tasks': 3 docs, confidence=1.0
2026-04-26 21:46:39,881 - pawpal_system - INFO - Generated advice: 3 queries, confidence=0.87
2026-04-26 21:47:54,921 - pawpal_system - INFO - RagRetriever initialized with 3 documents
2026-04-26 21:47:54,935 - pawpal_system - INFO - AiCareCoach initialized
2026-04-26 21:47:55,020 - pawpal_system - INFO - Retrieved for query 'medication priority': 3 docs, confidence=1.0
2026-04-26 21:47:55,020 - pawpal_system - INFO - Retrieved for query 'conflict resolution': 2 docs, confidence=0.6
2026-04-26 21:47:55,021 - pawpal_system - INFO - Retrieved for query 'overdue tasks': 3 docs, confidence=1.0
2026-04-26 21:47:55,022 - pawpal_system - INFO - Generated advice: 3 queries, confidence=0.87
2026-04-26 21:47:55,047 - pawpal_system - INFO - RagRetriever initialized with 3 documents
2026-04-26 21:47:55,047 - pawpal_system - INFO - AiCareCoach initialized
2026-04-26 21:47:55,050 - pawpal_system - INFO - Retrieved for query 'medication priority': 3 docs, confidence=1.0
2026-04-26 21:47:55,053 - pawpal_system - INFO - Retrieved for query 'conflict resolution': 2 docs, confidence=0.6
2026-04-26 21:47:55,054 - pawpal_system - INFO - Retrieved for query 'overdue tasks': 3 docs, confidence=1.0
2026-04-26 21:47:55,054 - pawpal_system - INFO - Generated advice: 3 queries, confidence=0.87
2026-04-26 22:09:40,613 - pawpal_system - INFO - RagRetriever initialized with 3 documents
2026-04-26 22:09:40,615 - pawpal_system - INFO - AiCareCoach initialized
2026-04-26 22:09:40,617 - pawpal_system - INFO - Retrieved for query 'medication priority': 3 docs, confidence=1.0
2026-04-26 22:09:40,617 - pawpal_system - INFO - Retrieved for query 'conflict resolution': 2 docs, confidence=0.6
2026-04-26 22:09:40,617 - pawpal_system - INFO - Retrieved for query 'overdue tasks': 3 docs, confidence=1.0
2026-04-26 22:09:40,618 - pawpal_system - INFO - Generated advice: 3 queries, confidence=0.87
2026-04-26 22:09:42,958 - pawpal_system - INFO - RagRetriever initialized with 3 documents
2026-04-26 22:09:42,964 - pawpal_system - INFO - AiCareCoach initialized
2026-04-26 22:09:42,986 - pawpal_system - INFO - Retrieved for query 'medication priority': 3 docs, confidence=1.0
2026-04-26 22:09:42,987 - pawpal_system - INFO - Retrieved for query 'conflict resolution': 2 docs, confidence=0.6
2026-04-26 22:09:42,988 - pawpal_system - INFO - Retrieved for query 'overdue tasks': 3 docs, confidence=1.0
2026-04-26 22:09:42,988 - pawpal_system - INFO - Generated advice: 3 queries, confidence=0.87
2026-04-26 22:09:43,017 - pawpal_system - INFO - RagRetriever initialized with 3 documents
2026-04-26 22:09:43,018 - pawpal_system - INFO - AiCareCoach initialized
2026-04-26 22:09:43,018 - pawpal_system - INFO - Retrieved for query 'medication priority': 3 docs, confidence=1.0
2026-04-26 22:09:43,019 - pawpal_system - INFO - Retrieved for query 'conflict resolution': 2 docs, confidence=0.6
2026-04-26 22:09:43,019 - pawpal_system - INFO - Retrieved for query 'overdue tasks': 3 docs, confidence=1.0
2026-04-26 22:09:43,020 - pawpal_system - INFO - Generated advice: 3 queries, confidence=0.87
2026-04-26 22:18:41,821 - pawpal_system - INFO - RagRetriever initialized with 3 documents
2026-04-26 22:18:41,823 - pawpal_system - INFO - AiCareCoach initialized
2026-04-26 22:18:41,844 - pawpal_system - INFO - Retrieved for query 'medication priority': 3 docs, confidence=1.0
2026-04-26 22:18:41,847 - pawpal_system - INFO - Retrieved for query 'conflict resolution': 2 docs, confidence=0.6
2026-04-26 22:18:41,850 - pawpal_system - INFO - Retrieved for query 'overdue tasks': 3 docs, confidence=1.0
2026-04-26 22:18:41,855 - pawpal_system - INFO - Generated advice: 3 queries, confidence=0.87
2026-04-26 22:18:42,498 - pawpal_system - INFO - RagRetriever initialized with 3 documents
2026-04-26 22:18:42,498 - pawpal_system - INFO - AiCareCoach initialized
2026-04-26 22:18:42,980 - pawpal_system - INFO - Retrieved for query 'medication priority': 3 docs, confidence=1.0
2026-04-26 22:18:42,981 - pawpal_system - INFO - Retrieved for query 'conflict resolution': 2 docs, confidence=0.6
2026-04-26 22:18:42,982 - pawpal_system - INFO - Retrieved for query 'overdue tasks': 3 docs, confidence=1.0
2026-04-26 22:18:42,995 - pawpal_system - INFO - Generated advice: 3 queries, confidence=0.87
2026-04-26 22:18:43,089 - pawpal_system - INFO - RagRetriever initialized with 3 documents
2026-04-26 22:18:43,102 - pawpal_system - INFO - AiCareCoach initialized
2026-04-26 22:18:43,103 - pawpal_system - INFO - Retrieved for query 'medication priority': 3 docs, confidence=1.0
2026-04-26 22:18:43,104 - pawpal_system - INFO - Retrieved for query 'conflict resolution': 2 docs, confidence=0.6
2026-04-26 22:18:43,105 - pawpal_system - INFO - Retrieved for query 'overdue tasks': 3 docs, confidence=1.0
2026-04-26 22:18:43,105 - pawpal_system - INFO - Generated advice: 3 queries, confidence=0.87
